<?xml version="1.0" encoding="UTF-8"?>
<testsuite xmlns:xsi="http://www.w3.org/2001/XMLSchema-instance" xsi:noNamespaceSchemaLocation="https://maven.apache.org/surefire/maven-surefire-plugin/xsd/surefire-test-report.xsd" name="uk.org.mule.jwt.internal.JwtOperationsTestCase" time="8.814" tests="2" errors="0" skipped="0" failures="0">
  <properties>
[...]
</properties>
  <testcase name="executeRS512Operation" classname="uk.org.mule.jwt.internal.JwtOperationsTestCase" time="4.865"/>
  <testcase name="executeRS256Operation" classname="uk.org.mule.jwt.internal.JwtOperationsTestCase" time="0.232"/>
</testsuite>